Jul 14, 2014 2:15:56 PM org.apache.catalina.core.AprLifecycleListener init
INFO: The APR based Apache Tomcat Native library which allows optimal performance in production environments was not found on the java.library.path: /usr/java/packages/lib/amd64:/usr/lib64:/lib64:/lib:/usr/lib
Jul 14, 2014 2:15:57 PM org.apache.coyote.http11.Http11Protocol init
INFO: Initializing Coyote HTTP/1.1 on http-8080
Jul 14, 2014 2:15:57 PM org.apache.catalina.startup.Catalina load
INFO: Initialization processed in 969 ms
Jul 14, 2014 2:15:57 PM org.apache.catalina.core.StandardService start
INFO: Starting service Catalina
Jul 14, 2014 2:15:57 PM org.apache.catalina.core.StandardEngine start
INFO: Starting Servlet Engine: Apache Tomcat/6.0.41
Jul 14, 2014 2:15:57 PM org.apache.catalina.startup.HostConfig deployDirectory
INFO: Deploying web application directory docs
Jul 14, 2014 2:15:57 PM org.apache.catalina.startup.HostConfig deployDirectory
INFO: Deploying web application directory ROOT
Jul 14, 2014 2:15:57 PM org.apache.catalina.startup.HostConfig deployDirectory
INFO: Deploying web application directory host-manager
Jul 14, 2014 2:15:57 PM org.apache.catalina.startup.HostConfig deployDirectory
INFO: Deploying web application directory manager
Jul 14, 2014 2:15:57 PM org.apache.catalina.startup.HostConfig deployDirectory
INFO: Deploying web application directory examples
Jul 14, 2014 2:15:58 PM org.apache.coyote.http11.Http11Protocol start
INFO: Starting Coyote HTTP/1.1 on http-8080
Jul 14, 2014 2:15:58 PM org.apache.jk.common.ChannelSocket init
INFO: JK: ajp13 listening on /0.0.0.0:8009
Jul 14, 2014 2:15:58 PM org.apache.jk.server.JkMain start
INFO: Jk running ID=0 time=0/35  config=null
Jul 14, 2014 2:15:58 PM org.apache.catalina.startup.Catalina start
INFO: Server startup in 1071 ms
Jul 14, 2014 2:17:28 PM org.apache.catalina.startup.HostConfig deployDirectory
INFO: Deploying web application directory simple_cms
Jul 14, 2014 2:29:08 PM org.apache.catalina.startup.HostConfig checkResources
INFO: Reloading context [/simple_cms]
Jul 14, 2014 2:29:19 PM org.apache.catalina.startup.HostConfig checkResources
INFO: Reloading context [/simple_cms]
Jul 14, 2014 2:29:30 PM org.apache.catalina.startup.HostConfig checkResources
INFO: Reloading context [/simple_cms]
Jul 14, 2014 2:30:07 PM org.apache.coyote.http11.Http11Protocol pause
INFO: Pausing Coyote HTTP/1.1 on http-8080
Jul 14, 2014 2:30:08 PM org.apache.catalina.core.StandardService stop
INFO: Stopping service Catalina
Jul 14, 2014 2:30:08 PM org.apache.coyote.http11.Http11Protocol destroy
INFO: Stopping Coyote HTTP/1.1 on http-8080
